2022-02-10 [20:42:05.203] [Server thread/INFO]: Selected English (eng) as the base language
2022-02-10 [20:42:05.208] [Server thread/INFO]: Starting Minecraft: Bedrock Edition server version v1.18.0
2022-02-10 [20:42:05.216] [Server thread/INFO]: Online mode is enabled. The server will verify that players are authenticated to Xbox Live.
2022-02-10 [20:42:05.506] [Server thread/INFO]: This server is running PocketMine-MP version 4.0.0
2022-02-10 [20:42:05.506] [Server thread/INFO]: PocketMine-MP is distributed under the LGPL License
2022-02-10 [20:42:05.891] [Server thread/INFO]: Loading resource packs...
2022-02-10 [20:42:06.246] [Server thread/INFO]: Preparing world "world"
2022-02-10 [20:42:06.261] [Server thread/NOTICE]: Spawn terrain for world "world" is being generated in the background
2022-02-10 [20:42:06.446] [Server thread/INFO]: Minecraft network interface running on 0.0.0.0:19132
2022-02-10 [20:42:06.447] [Server thread/INFO]: GS4 Query listener running on 0.0.0.0:19132
2022-02-10 [20:42:06.547] [Server thread/INFO]: Minecraft network interface running on [::]:19133
2022-02-10 [20:42:06.547] [Server thread/INFO]: GS4 Query listener running on [::]:19133
2022-02-10 [20:42:06.550] [Server thread/INFO]: Default game type: Creative Mode
2022-02-10 [20:42:06.550] [Server thread/INFO]: If you find this project useful, please consider donating to support development: https://patreon.com/pocketminemp
2022-02-10 [20:42:06.550] [Server thread/INFO]: Done (1.394s)! For help, type "help" or "?"
2022-02-10 [20:42:06.568] [Server thread/WARNING]: [Update Checker] Your version of PocketMine-MP is out of date. Version 4.2.0 was released on Tue Feb 8 08:14:54 2022
2022-02-10 [20:42:06.569] [Server thread/WARNING]: [Update Checker] Details: https://github.com/pmmp/PocketMine-MP/releases/tag/4.2.0
2022-02-10 [20:42:06.569] [Server thread/WARNING]: [Update Checker] Download: https://github.com/pmmp/PocketMine-MP/releases/download/4.2.0/PocketMine-MP.phar
2022-02-10 [20:42:09.820] [Server thread/INFO]: [World: world] Generating spawn terrain: 1 / 224 (0%)
2022-02-10 [20:42:17.961] [Server thread/INFO]: [World: world] Generating spawn terrain: 23 / 224 (10%)
2022-02-10 [20:42:19.196] [Server thread/INFO]: [World: world] Generating spawn terrain: 45 / 224 (20%)
2022-02-10 [20:42:20.715] [Server thread/INFO]: [World: world] Generating spawn terrain: 68 / 224 (30%)
2022-02-10 [20:42:21.400] [Server thread/INFO]: [World: world] Generating spawn terrain: 90 / 224 (40%)
2022-02-10 [20:42:22.124] [Server thread/INFO]: [World: world] Generating spawn terrain: 112 / 224 (50%)
2022-02-10 [20:42:23.261] [Server thread/INFO]: [World: world] Generating spawn terrain: 135 / 224 (60%)
2022-02-10 [20:42:23.669] [Server thread/INFO]: [World: world] Generating spawn terrain: 157 / 224 (70%)
2022-02-10 [20:42:24.173] [Server thread/INFO]: [World: world] Generating spawn terrain: 180 / 224 (80%)
2022-02-10 [20:42:25.016] [Server thread/INFO]: [World: world] Generating spawn terrain: 202 / 224 (90%)
2022-02-10 [20:42:25.545] [Server thread/INFO]: [World: world] Generating spawn terrain: 224 / 224 (100%)
